  Projekt_BO.cpp
c:\users\asus\documents\agh\bo\pizza-redistribution-algorithm\pizzaredistributor\pizzaredistributor\projekt_bo.cpp(18): warning C4244: 'argument': conversion from 'time_t' to 'unsigned int', possible loss of data
c:\users\asus\documents\agh\bo\pizza-redistribution-algorithm\pizzaredistributor\pizzaredistributor\projekt_bo.cpp(75): warning C4018: '<': signed/unsigned mismatch
c:\users\asus\documents\agh\bo\pizza-redistribution-algorithm\pizzaredistributor\pizzaredistributor\projekt_bo.cpp(78): warning C4018: '<': signed/unsigned mismatch
c:\users\asus\documents\agh\bo\pizza-redistribution-algorithm\pizzaredistributor\pizzaredistributor\projekt_bo.cpp(90): warning C4018: '<': signed/unsigned mismatch
c:\users\asus\documents\agh\bo\pizza-redistribution-algorithm\pizzaredistributor\pizzaredistributor\projekt_bo.cpp(93): warning C4018: '<': signed/unsigned mismatch
c:\users\asus\documents\agh\bo\pizza-redistribution-algorithm\pizzaredistributor\pizzaredistributor\projekt_bo.cpp(131): warning C4018: '<': signed/unsigned mismatch
  Algorithm.cpp
c:\users\asus\documents\agh\bo\pizza-redistribution-algorithm\pizzaredistributor\pizzaredistributor\algorithm.cpp(24): warning C4018: '<': signed/unsigned mismatch
c:\users\asus\documents\agh\bo\pizza-redistribution-algorithm\pizzaredistributor\pizzaredistributor\algorithm.cpp(30): warning C4018: '<': signed/unsigned mismatch
c:\users\asus\documents\agh\bo\pizza-redistribution-algorithm\pizzaredistributor\pizzaredistributor\algorithm.cpp(34): warning C4018: '<': signed/unsigned mismatch
c:\users\asus\documents\agh\bo\pizza-redistribution-algorithm\pizzaredistributor\pizzaredistributor\algorithm.cpp(36): warning C4018: '<': signed/unsigned mismatch
c:\users\asus\documents\agh\bo\pizza-redistribution-algorithm\pizzaredistributor\pizzaredistributor\algorithm.cpp(46): warning C4244: '=': conversion from 'int' to 'float', possible loss of data
c:\users\asus\documents\agh\bo\pizza-redistribution-algorithm\pizzaredistributor\pizzaredistributor\algorithm.cpp(54): warning C4018: '<': signed/unsigned mismatch
c:\users\asus\documents\agh\bo\pizza-redistribution-algorithm\pizzaredistributor\pizzaredistributor\algorithm.cpp(57): warning C4018: '<': signed/unsigned mismatch
c:\users\asus\documents\agh\bo\pizza-redistribution-algorithm\pizzaredistributor\pizzaredistributor\algorithm.cpp(66): warning C4244: '=': conversion from 'int' to 'float', possible loss of data
c:\users\asus\documents\agh\bo\pizza-redistribution-algorithm\pizzaredistributor\pizzaredistributor\algorithm.cpp(75): warning C4018: '<': signed/unsigned mismatch
c:\users\asus\documents\agh\bo\pizza-redistribution-algorithm\pizzaredistributor\pizzaredistributor\algorithm.cpp(80): warning C4018: '<': signed/unsigned mismatch
c:\users\asus\documents\agh\bo\pizza-redistribution-algorithm\pizzaredistributor\pizzaredistributor\algorithm.cpp(89): warning C4244: '=': conversion from 'int' to 'float', possible loss of data
c:\users\asus\documents\agh\bo\pizza-redistribution-algorithm\pizzaredistributor\pizzaredistributor\algorithm.cpp(114): warning C4018: '<': signed/unsigned mismatch
c:\users\asus\documents\agh\bo\pizza-redistribution-algorithm\pizzaredistributor\pizzaredistributor\algorithm.cpp(127): warning C4018: '<': signed/unsigned mismatch
c:\users\asus\documents\agh\bo\pizza-redistribution-algorithm\pizzaredistributor\pizzaredistributor\algorithm.cpp(141): warning C4018: '<': signed/unsigned mismatch
c:\users\asus\documents\agh\bo\pizza-redistribution-algorithm\pizzaredistributor\pizzaredistributor\algorithm.cpp(146): warning C4018: '<': signed/unsigned mismatch
c:\users\asus\documents\agh\bo\pizza-redistribution-algorithm\pizzaredistributor\pizzaredistributor\algorithm.cpp(149): warning C4018: '<': signed/unsigned mismatch
c:\users\asus\documents\agh\bo\pizza-redistribution-algorithm\pizzaredistributor\pizzaredistributor\algorithm.cpp(174): warning C4018: '<': signed/unsigned mismatch
c:\users\asus\documents\agh\bo\pizza-redistribution-algorithm\pizzaredistributor\pizzaredistributor\algorithm.cpp(184): warning C4018: '<': signed/unsigned mismatch
c:\users\asus\documents\agh\bo\pizza-redistribution-algorithm\pizzaredistributor\pizzaredistributor\algorithm.cpp(187): warning C4018: '<': signed/unsigned mismatch
c:\users\asus\documents\agh\bo\pizza-redistribution-algorithm\pizzaredistributor\pizzaredistributor\algorithm.cpp(201): warning C4018: '<': signed/unsigned mismatch
c:\users\asus\documents\agh\bo\pizza-redistribution-algorithm\pizzaredistributor\pizzaredistributor\algorithm.cpp(204): warning C4018: '<': signed/unsigned mismatch
  Generating Code...
  LINK : C:\Users\Asus\Documents\AGH\BO\Pizza-Redistribution-Algorithm\PizzaRedistributor\Debug\PizzaRedistributor.exe not found or not built by the last incremental link; performing full link
  PizzaRedistributor.vcxproj -> C:\Users\Asus\Documents\AGH\BO\Pizza-Redistribution-Algorithm\PizzaRedistributor\Debug\PizzaRedistributor.exe
